[ INFO ] 2024-08-21 09:52:48,908 [ main ] |---| com.odontologia.project.ProjectApplication:50 - Starting ProjectApplication using Java 22.0.2 with PID 16920 (D:\David\Digital House TechDev\B5\Backend 1\project\target\classes started by david in D:\David\Digital House TechDev\B5\Backend 1\project)
[ INFO ] 2024-08-21 09:52:48,916 [ main ] |---| com.odontologia.project.ProjectApplication:654 - No active profile set, falling back to 1 default profile: "default"
[ INFO ] 2024-08-21 09:52:49,886 [ main ] |---| org.springframework.boot.web.embedded.tomcat.TomcatWebServer:111 - Tomcat initialized with port 8080 (http)
[ INFO ] 2024-08-21 09:52:49,899 [ main ] |---| org.apache.catalina.core.StandardService:173 - Starting service [Tomcat]
[ INFO ] 2024-08-21 09:52:49,900 [ main ] |---| org.apache.catalina.core.StandardEngine:173 - Starting Servlet engine: [Apache Tomcat/10.1.26]
[ INFO ] 2024-08-21 09:52:49,962 [ main ] |---| org.apache.catalina.core.ContainerBase.[Tomcat].[localhost].[/]:173 - Initializing Spring embedded WebApplicationContext
[ INFO ] 2024-08-21 09:52:49,963 [ main ] |---| org.springframework.boot.web.servlet.context.ServletWebServerApplicationContext:296 - Root WebApplicationContext: initialization completed in 993 ms
[ INFO ] 2024-08-21 09:52:50,389 [ main ] |---| org.springframework.boot.web.embedded.tomcat.TomcatWebServer:243 - Tomcat started on port 8080 (http) with context path '/'
[ INFO ] 2024-08-21 09:52:50,397 [ main ] |---| com.odontologia.project.ProjectApplication:56 - Started ProjectApplication in 1.977 seconds (process running for 2.633)
[ INFO ] 2024-08-21 09:53:03,797 [ http-nio-8080-exec-1 ] |---| org.apache.catalina.core.ContainerBase.[Tomcat].[localhost].[/]:173 - Initializing Spring DispatcherServlet 'dispatcherServlet'
[ INFO ] 2024-08-21 09:53:03,798 [ http-nio-8080-exec-1 ] |---| org.springframework.web.servlet.DispatcherServlet:532 - Initializing Servlet 'dispatcherServlet'
[ INFO ] 2024-08-21 09:53:03,798 [ http-nio-8080-exec-1 ] |---| org.springframework.web.servlet.DispatcherServlet:554 - Completed initialization in 0 ms
[ ERROR] 2024-08-21 09:53:04,034 [ http-nio-8080-exec-1 ] |---| com.odontologia.project.dao.impl.OdontologoDAO:46 - ERROR AL AGREGAR ODONTOLOGO A LA BD: Violación de indice de Unicidad ó Clave primaria: "PUBLIC.CONSTRAINT_INDEX_24 ON PUBLIC.ODONTOLOGOS(MATRICULA NULLS FIRST) VALUES ( /* 7 */ CAST(1313077796 AS BIGINT) )"
Unique index or primary key violation: "PUBLIC.CONSTRAINT_INDEX_24 ON PUBLIC.ODONTOLOGOS(MATRICULA NULLS FIRST) VALUES ( /* 7 */ CAST(1313077796 AS BIGINT) )"; SQL statement:
INSERT INTO ODONTOLOGOS (MATRICULA, NOMBRE, APELLIDO) VALUES(?, ?, ?) [23505-224]
[ ERROR] 2024-08-21 09:53:42,367 [ http-nio-8080-exec-3 ] |---| com.odontologia.project.dao.impl.OdontologoDAO:46 - ERROR AL AGREGAR ODONTOLOGO A LA BD: Columna "MATRICULA" no encontrada
Column "MATRICULA" not found [42122-224]
[ INFO ] 2024-08-21 09:55:27,213 [ main ] |---| com.odontologia.project.ProjectApplication:50 - Starting ProjectApplication using Java 22.0.2 with PID 19272 (D:\David\Digital House TechDev\B5\Backend 1\project\target\classes started by david in D:\David\Digital House TechDev\B5\Backend 1\project)
[ INFO ] 2024-08-21 09:55:27,215 [ main ] |---| com.odontologia.project.ProjectApplication:654 - No active profile set, falling back to 1 default profile: "default"
[ INFO ] 2024-08-21 09:55:27,787 [ main ] |---| org.springframework.boot.web.embedded.tomcat.TomcatWebServer:111 - Tomcat initialized with port 8080 (http)
[ INFO ] 2024-08-21 09:55:27,796 [ main ] |---| org.apache.catalina.core.StandardService:173 - Starting service [Tomcat]
[ INFO ] 2024-08-21 09:55:27,796 [ main ] |---| org.apache.catalina.core.StandardEngine:173 - Starting Servlet engine: [Apache Tomcat/10.1.26]
[ INFO ] 2024-08-21 09:55:27,830 [ main ] |---| org.apache.catalina.core.ContainerBase.[Tomcat].[localhost].[/]:173 - Initializing Spring embedded WebApplicationContext
[ INFO ] 2024-08-21 09:55:27,830 [ main ] |---| org.springframework.boot.web.servlet.context.ServletWebServerApplicationContext:296 - Root WebApplicationContext: initialization completed in 586 ms
[ INFO ] 2024-08-21 09:55:28,074 [ main ] |---| org.springframework.boot.web.embedded.tomcat.TomcatWebServer:243 - Tomcat started on port 8080 (http) with context path '/'
[ INFO ] 2024-08-21 09:55:28,079 [ main ] |---| com.odontologia.project.ProjectApplication:56 - Started ProjectApplication in 1.142 seconds (process running for 1.556)
[ INFO ] 2024-08-21 09:55:39,319 [ http-nio-8080-exec-4 ] |---| org.apache.catalina.core.ContainerBase.[Tomcat].[localhost].[/]:173 - Initializing Spring DispatcherServlet 'dispatcherServlet'
[ INFO ] 2024-08-21 09:55:39,319 [ http-nio-8080-exec-4 ] |---| org.springframework.web.servlet.DispatcherServlet:532 - Initializing Servlet 'dispatcherServlet'
[ INFO ] 2024-08-21 09:55:39,321 [ http-nio-8080-exec-4 ] |---| org.springframework.web.servlet.DispatcherServlet:554 - Completed initialization in 1 ms
[ ERROR] 2024-08-21 09:55:39,451 [ http-nio-8080-exec-4 ] |---| com.odontologia.project.dao.impl.OdontologoDAO:45 - ERROR AL AGREGAR ODONTOLOGO A LA BD: Columna "MATRICULA" no encontrada
Column "MATRICULA" not found [42122-224]
[ INFO ] 2024-08-21 09:57:59,864 [ main ] |---| com.odontologia.project.ProjectApplication:50 - Starting ProjectApplication using Java 22.0.2 with PID 10760 (D:\David\Digital House TechDev\B5\Backend 1\project\target\classes started by david in D:\David\Digital House TechDev\B5\Backend 1\project)
[ INFO ] 2024-08-21 09:57:59,865 [ main ] |---| com.odontologia.project.ProjectApplication:654 - No active profile set, falling back to 1 default profile: "default"
[ INFO ] 2024-08-21 09:58:00,430 [ main ] |---| org.springframework.boot.web.embedded.tomcat.TomcatWebServer:111 - Tomcat initialized with port 8080 (http)
[ INFO ] 2024-08-21 09:58:00,439 [ main ] |---| org.apache.catalina.core.StandardService:173 - Starting service [Tomcat]
[ INFO ] 2024-08-21 09:58:00,439 [ main ] |---| org.apache.catalina.core.StandardEngine:173 - Starting Servlet engine: [Apache Tomcat/10.1.26]
[ INFO ] 2024-08-21 09:58:00,473 [ main ] |---| org.apache.catalina.core.ContainerBase.[Tomcat].[localhost].[/]:173 - Initializing Spring embedded WebApplicationContext
[ INFO ] 2024-08-21 09:58:00,473 [ main ] |---| org.springframework.boot.web.servlet.context.ServletWebServerApplicationContext:296 - Root WebApplicationContext: initialization completed in 580 ms
[ INFO ] 2024-08-21 09:58:00,715 [ main ] |---| org.springframework.boot.web.embedded.tomcat.TomcatWebServer:243 - Tomcat started on port 8080 (http) with context path '/'
[ INFO ] 2024-08-21 09:58:00,720 [ main ] |---| com.odontologia.project.ProjectApplication:56 - Started ProjectApplication in 1.132 seconds (process running for 1.546)
[ INFO ] 2024-08-21 09:58:12,535 [ http-nio-8080-exec-3 ] |---| org.apache.catalina.core.ContainerBase.[Tomcat].[localhost].[/]:173 - Initializing Spring DispatcherServlet 'dispatcherServlet'
[ INFO ] 2024-08-21 09:58:12,535 [ http-nio-8080-exec-3 ] |---| org.springframework.web.servlet.DispatcherServlet:532 - Initializing Servlet 'dispatcherServlet'
[ INFO ] 2024-08-21 09:58:12,536 [ http-nio-8080-exec-3 ] |---| org.springframework.web.servlet.DispatcherServlet:554 - Completed initialization in 1 ms
[ ERROR] 2024-08-21 09:58:12,669 [ http-nio-8080-exec-3 ] |---| com.odontologia.project.dao.impl.OdontologoDAO:46 - ERROR AL AGREGAR ODONTOLOGO A LA BD: Columna "MATRICULA" no encontrada
Column "MATRICULA" not found [42122-224]
[ INFO ] 2024-08-21 09:58:56,352 [ http-nio-8080-exec-5 ] |---| com.odontologia.project.dao.impl.OdontologoDAO:174 - ODONTOLOGO 1313077796 ELIMINADO EXITOSAMENTE.
[ INFO ] 2024-08-21 09:59:00,364 [ http-nio-8080-exec-4 ] |---| com.odontologia.project.dao.impl.OdontologoDAO:174 - ODONTOLOGO 1313077797 ELIMINADO EXITOSAMENTE.
[ INFO ] 2024-08-21 09:59:03,064 [ http-nio-8080-exec-9 ] |---| com.odontologia.project.dao.impl.OdontologoDAO:174 - ODONTOLOGO 1313077798 ELIMINADO EXITOSAMENTE.
[ ERROR] 2024-08-21 09:59:08,458 [ http-nio-8080-exec-6 ] |---| com.odontologia.project.dao.impl.OdontologoDAO:74 - ERROR AL BUSCAR ODONTOLOGO: EL ODONTOLOGO CON ID 10 NO EXISTE EN LA BD.
[ ERROR] 2024-08-21 09:59:08,459 [ http-nio-8080-exec-6 ] |---| com.odontologia.project.dao.impl.OdontologoDAO:183 - ERROR AL ELIMINAR ODONTOLOGO: EL ODONTOLOGO 10 NO EXISTE EN LA BD.
[ INFO ] 2024-08-21 09:59:21,875 [ http-nio-8080-exec-7 ] |---| com.odontologia.project.dao.impl.OdontologoDAO:174 - ODONTOLOGO 1313077799 ELIMINADO EXITOSAMENTE.
[ INFO ] 2024-08-21 10:02:01,552 [ main ] |---| com.odontologia.project.ProjectApplication:50 - Starting ProjectApplication using Java 22.0.2 with PID 2076 (D:\David\Digital House TechDev\B5\Backend 1\project\target\classes started by david in D:\David\Digital House TechDev\B5\Backend 1\project)
[ INFO ] 2024-08-21 10:02:01,554 [ main ] |---| com.odontologia.project.ProjectApplication:654 - No active profile set, falling back to 1 default profile: "default"
[ INFO ] 2024-08-21 10:02:02,172 [ main ] |---| org.springframework.boot.web.embedded.tomcat.TomcatWebServer:111 - Tomcat initialized with port 8080 (http)
[ INFO ] 2024-08-21 10:02:02,181 [ main ] |---| org.apache.catalina.core.StandardService:173 - Starting service [Tomcat]
[ INFO ] 2024-08-21 10:02:02,181 [ main ] |---| org.apache.catalina.core.StandardEngine:173 - Starting Servlet engine: [Apache Tomcat/10.1.26]
[ INFO ] 2024-08-21 10:02:02,217 [ main ] |---| org.apache.catalina.core.ContainerBase.[Tomcat].[localhost].[/]:173 - Initializing Spring embedded WebApplicationContext
[ INFO ] 2024-08-21 10:02:02,217 [ main ] |---| org.springframework.boot.web.servlet.context.ServletWebServerApplicationContext:296 - Root WebApplicationContext: initialization completed in 635 ms
[ INFO ] 2024-08-21 10:02:02,473 [ main ] |---| org.springframework.boot.web.embedded.tomcat.TomcatWebServer:243 - Tomcat started on port 8080 (http) with context path '/'
[ INFO ] 2024-08-21 10:02:02,479 [ main ] |---| com.odontologia.project.ProjectApplication:56 - Started ProjectApplication in 1.235 seconds (process running for 1.651)
[ INFO ] 2024-08-21 10:02:12,024 [ http-nio-8080-exec-2 ] |---| org.apache.catalina.core.ContainerBase.[Tomcat].[localhost].[/]:173 - Initializing Spring DispatcherServlet 'dispatcherServlet'
[ INFO ] 2024-08-21 10:02:12,024 [ http-nio-8080-exec-2 ] |---| org.springframework.web.servlet.DispatcherServlet:532 - Initializing Servlet 'dispatcherServlet'
[ INFO ] 2024-08-21 10:02:12,025 [ http-nio-8080-exec-2 ] |---| org.springframework.web.servlet.DispatcherServlet:554 - Completed initialization in 0 ms
[ INFO ] 2024-08-21 10:02:12,151 [ http-nio-8080-exec-2 ] |---| com.odontologia.project.dao.impl.OdontologoDAO:35 - ODONTOLOGO 12 AGREGADO EXITOSAMENTE A LA BD.
[ ERROR] 2024-08-21 10:07:13,988 [ http-nio-8080-exec-6 ] |---| com.odontologia.project.dao.impl.OdontologoDAO:72 - ERROR AL BUSCAR ODONTOLOGO: EL ODONTOLOGO CON ID 11 NO EXISTE EN LA BD.
[ INFO ] 2024-08-21 10:07:55,792 [ http-nio-8080-exec-9 ] |---| com.odontologia.project.dao.impl.OdontologoDAO:134 - ODONTOLOGO 1313077796 MODIFICADO EXITOSAMENTE.
[ INFO ] 2024-08-21 10:08:15,721 [ http-nio-8080-exec-10 ] |---| com.odontologia.project.dao.impl.OdontologoDAO:172 - ODONTOLOGO 1313077796 ELIMINADO EXITOSAMENTE.
[ INFO ] 2024-08-21 10:10:55,162 [ main ] |---| com.odontologia.project.ProjectApplication:50 - Starting ProjectApplication using Java 22.0.2 with PID 5076 (D:\David\Digital House TechDev\B5\Backend 1\project\target\classes started by david in D:\David\Digital House TechDev\B5\Backend 1\project)
[ INFO ] 2024-08-21 10:10:55,164 [ main ] |---| com.odontologia.project.ProjectApplication:654 - No active profile set, falling back to 1 default profile: "default"
[ INFO ] 2024-08-21 10:10:55,755 [ main ] |---| org.springframework.boot.web.embedded.tomcat.TomcatWebServer:111 - Tomcat initialized with port 8080 (http)
[ INFO ] 2024-08-21 10:10:55,763 [ main ] |---| org.apache.catalina.core.StandardService:173 - Starting service [Tomcat]
[ INFO ] 2024-08-21 10:10:55,764 [ main ] |---| org.apache.catalina.core.StandardEngine:173 - Starting Servlet engine: [Apache Tomcat/10.1.26]
[ INFO ] 2024-08-21 10:10:55,798 [ main ] |---| org.apache.catalina.core.ContainerBase.[Tomcat].[localhost].[/]:173 - Initializing Spring embedded WebApplicationContext
[ INFO ] 2024-08-21 10:10:55,798 [ main ] |---| org.springframework.boot.web.servlet.context.ServletWebServerApplicationContext:296 - Root WebApplicationContext: initialization completed in 602 ms
[ INFO ] 2024-08-21 10:10:56,044 [ main ] |---| org.springframework.boot.web.embedded.tomcat.TomcatWebServer:243 - Tomcat started on port 8080 (http) with context path '/'
[ INFO ] 2024-08-21 10:10:56,049 [ main ] |---| com.odontologia.project.ProjectApplication:56 - Started ProjectApplication in 1.179 seconds (process running for 1.606)
[ INFO ] 2024-08-21 10:11:19,944 [ http-nio-8080-exec-4 ] |---| org.apache.catalina.core.ContainerBase.[Tomcat].[localhost].[/]:173 - Initializing Spring DispatcherServlet 'dispatcherServlet'
[ INFO ] 2024-08-21 10:11:19,944 [ http-nio-8080-exec-4 ] |---| org.springframework.web.servlet.DispatcherServlet:532 - Initializing Servlet 'dispatcherServlet'
[ INFO ] 2024-08-21 10:11:19,945 [ http-nio-8080-exec-4 ] |---| org.springframework.web.servlet.DispatcherServlet:554 - Completed initialization in 1 ms
[ INFO ] 2024-08-21 10:11:20,081 [ http-nio-8080-exec-4 ] |---| com.odontologia.project.dao.impl.DomicilioDAO:35 - DOMICILIO 5 AGREGADO EXITOSAMENTE A LA BD.
[ ERROR] 2024-08-21 10:11:20,084 [ http-nio-8080-exec-4 ] |---| com.odontologia.project.dao.impl.PacienteDAO:51 - ERROR AL AGREGAR PACIENTE A LA BD: Cannot invoke "java.time.LocalDate.getYear()" because "date" is null
[ ERROR] 2024-08-21 10:14:01,876 [ http-nio-8080-exec-6 ] |---| com.odontologia.project.dao.impl.DomicilioDAO:44 - ERROR AL AGREGAR DOMICILIO A LA BD: Violación de indice de Unicidad ó Clave primaria: "PUBLIC.CONSTRAINT_INDEX_6F ON PUBLIC.DOMICILIOS(CALLE NULLS FIRST) VALUES ( /* 5 */ 'Calle Mexico' )"
Unique index or primary key violation: "PUBLIC.CONSTRAINT_INDEX_6F ON PUBLIC.DOMICILIOS(CALLE NULLS FIRST) VALUES ( /* 5 */ 'Calle Mexico' )"; SQL statement:
INSERT INTO DOMICILIOS (CALLE, NUMERO, LOCALIDAD, PROVINCIA) VALUES(?, ?, ?, ?) [23505-224]
[ ERROR] 2024-08-21 10:14:01,877 [ http-nio-8080-exec-6 ] |---| com.odontologia.project.dao.impl.PacienteDAO:51 - ERROR AL AGREGAR PACIENTE A LA BD: Cannot invoke "java.lang.Long.longValue()" because the return value of "com.odontologia.project.models.Domicilio.getId()" is null
[ INFO ] 2024-08-21 10:14:24,679 [ main ] |---| com.odontologia.project.ProjectApplication:50 - Starting ProjectApplication using Java 22.0.2 with PID 2904 (D:\David\Digital House TechDev\B5\Backend 1\project\target\classes started by david in D:\David\Digital House TechDev\B5\Backend 1\project)
[ INFO ] 2024-08-21 10:14:24,681 [ main ] |---| com.odontologia.project.ProjectApplication:654 - No active profile set, falling back to 1 default profile: "default"
[ INFO ] 2024-08-21 10:14:25,269 [ main ] |---| org.springframework.boot.web.embedded.tomcat.TomcatWebServer:111 - Tomcat initialized with port 8080 (http)
[ INFO ] 2024-08-21 10:14:25,277 [ main ] |---| org.apache.catalina.core.StandardService:173 - Starting service [Tomcat]
[ INFO ] 2024-08-21 10:14:25,278 [ main ] |---| org.apache.catalina.core.StandardEngine:173 - Starting Servlet engine: [Apache Tomcat/10.1.26]
[ INFO ] 2024-08-21 10:14:25,311 [ main ] |---| org.apache.catalina.core.ContainerBase.[Tomcat].[localhost].[/]:173 - Initializing Spring embedded WebApplicationContext
[ INFO ] 2024-08-21 10:14:25,311 [ main ] |---| org.springframework.boot.web.servlet.context.ServletWebServerApplicationContext:296 - Root WebApplicationContext: initialization completed in 586 ms
[ INFO ] 2024-08-21 10:14:25,554 [ main ] |---| org.springframework.boot.web.embedded.tomcat.TomcatWebServer:243 - Tomcat started on port 8080 (http) with context path '/'
[ INFO ] 2024-08-21 10:14:25,559 [ main ] |---| com.odontologia.project.ProjectApplication:56 - Started ProjectApplication in 1.152 seconds (process running for 1.554)
[ INFO ] 2024-08-21 10:14:32,094 [ http-nio-8080-exec-1 ] |---| org.apache.catalina.core.ContainerBase.[Tomcat].[localhost].[/]:173 - Initializing Spring DispatcherServlet 'dispatcherServlet'
[ INFO ] 2024-08-21 10:14:32,095 [ http-nio-8080-exec-1 ] |---| org.springframework.web.servlet.DispatcherServlet:532 - Initializing Servlet 'dispatcherServlet'
[ INFO ] 2024-08-21 10:14:32,095 [ http-nio-8080-exec-1 ] |---| org.springframework.web.servlet.DispatcherServlet:554 - Completed initialization in 0 ms
[ ERROR] 2024-08-21 10:14:32,226 [ http-nio-8080-exec-1 ] |---| com.odontologia.project.dao.impl.DomicilioDAO:44 - ERROR AL AGREGAR DOMICILIO A LA BD: Violación de indice de Unicidad ó Clave primaria: "PUBLIC.CONSTRAINT_INDEX_6F ON PUBLIC.DOMICILIOS(CALLE NULLS FIRST) VALUES ( /* 5 */ 'Calle Mexico' )"
Unique index or primary key violation: "PUBLIC.CONSTRAINT_INDEX_6F ON PUBLIC.DOMICILIOS(CALLE NULLS FIRST) VALUES ( /* 5 */ 'Calle Mexico' )"; SQL statement:
INSERT INTO DOMICILIOS (CALLE, NUMERO, LOCALIDAD, PROVINCIA) VALUES(?, ?, ?, ?) [23505-224]
[ ERROR] 2024-08-21 10:14:32,228 [ http-nio-8080-exec-1 ] |---| com.odontologia.project.dao.impl.PacienteDAO:51 - ERROR AL AGREGAR PACIENTE A LA BD: Cannot invoke "java.lang.Long.longValue()" because the return value of "com.odontologia.project.models.Domicilio.getId()" is null
[ ERROR] 2024-08-21 10:14:45,785 [ http-nio-8080-exec-6 ] |---| com.odontologia.project.dao.impl.DomicilioDAO:44 - ERROR AL AGREGAR DOMICILIO A LA BD: Violación de indice de Unicidad ó Clave primaria: "PUBLIC.CONSTRAINT_INDEX_6F ON PUBLIC.DOMICILIOS(CALLE NULLS FIRST) VALUES ( /* 5 */ 'Calle Mexico' )"
Unique index or primary key violation: "PUBLIC.CONSTRAINT_INDEX_6F ON PUBLIC.DOMICILIOS(CALLE NULLS FIRST) VALUES ( /* 5 */ 'Calle Mexico' )"; SQL statement:
INSERT INTO DOMICILIOS (CALLE, NUMERO, LOCALIDAD, PROVINCIA) VALUES(?, ?, ?, ?) [23505-224]
[ ERROR] 2024-08-21 10:14:45,786 [ http-nio-8080-exec-6 ] |---| com.odontologia.project.dao.impl.PacienteDAO:51 - ERROR AL AGREGAR PACIENTE A LA BD: Cannot invoke "java.lang.Long.longValue()" because the return value of "com.odontologia.project.models.Domicilio.getId()" is null
[ ERROR] 2024-08-21 10:15:02,423 [ http-nio-8080-exec-4 ] |---| com.odontologia.project.dao.impl.DomicilioDAO:44 - ERROR AL AGREGAR DOMICILIO A LA BD: Violación de indice de Unicidad ó Clave primaria: "PUBLIC.CONSTRAINT_INDEX_6F ON PUBLIC.DOMICILIOS(CALLE NULLS FIRST) VALUES ( /* 5 */ 'Calle Mexico' )"
Unique index or primary key violation: "PUBLIC.CONSTRAINT_INDEX_6F ON PUBLIC.DOMICILIOS(CALLE NULLS FIRST) VALUES ( /* 5 */ 'Calle Mexico' )"; SQL statement:
INSERT INTO DOMICILIOS (CALLE, NUMERO, LOCALIDAD, PROVINCIA) VALUES(?, ?, ?, ?) [23505-224]
[ ERROR] 2024-08-21 10:15:02,424 [ http-nio-8080-exec-4 ] |---| com.odontologia.project.dao.impl.PacienteDAO:51 - ERROR AL AGREGAR PACIENTE A LA BD: Cannot invoke "java.lang.Long.longValue()" because the return value of "com.odontologia.project.models.Domicilio.getId()" is null
[ INFO ] 2024-08-21 10:15:06,961 [ main ] |---| com.odontologia.project.ProjectApplication:50 - Starting ProjectApplication using Java 22.0.2 with PID 8776 (D:\David\Digital House TechDev\B5\Backend 1\project\target\classes started by david in D:\David\Digital House TechDev\B5\Backend 1\project)
[ INFO ] 2024-08-21 10:15:06,963 [ main ] |---| com.odontologia.project.ProjectApplication:654 - No active profile set, falling back to 1 default profile: "default"
[ INFO ] 2024-08-21 10:15:07,563 [ main ] |---| org.springframework.boot.web.embedded.tomcat.TomcatWebServer:111 - Tomcat initialized with port 8080 (http)
[ INFO ] 2024-08-21 10:15:07,572 [ main ] |---| org.apache.catalina.core.StandardService:173 - Starting service [Tomcat]
[ INFO ] 2024-08-21 10:15:07,573 [ main ] |---| org.apache.catalina.core.StandardEngine:173 - Starting Servlet engine: [Apache Tomcat/10.1.26]
[ INFO ] 2024-08-21 10:15:07,610 [ main ] |---| org.apache.catalina.core.ContainerBase.[Tomcat].[localhost].[/]:173 - Initializing Spring embedded WebApplicationContext
[ INFO ] 2024-08-21 10:15:07,610 [ main ] |---| org.springframework.boot.web.servlet.context.ServletWebServerApplicationContext:296 - Root WebApplicationContext: initialization completed in 616 ms
[ INFO ] 2024-08-21 10:15:07,871 [ main ] |---| org.springframework.boot.web.embedded.tomcat.TomcatWebServer:243 - Tomcat started on port 8080 (http) with context path '/'
[ INFO ] 2024-08-21 10:15:07,877 [ main ] |---| com.odontologia.project.ProjectApplication:56 - Started ProjectApplication in 1.196 seconds (process running for 1.63)
[ INFO ] 2024-08-21 10:15:13,280 [ http-nio-8080-exec-1 ] |---| org.apache.catalina.core.ContainerBase.[Tomcat].[localhost].[/]:173 - Initializing Spring DispatcherServlet 'dispatcherServlet'
[ INFO ] 2024-08-21 10:15:13,280 [ http-nio-8080-exec-1 ] |---| org.springframework.web.servlet.DispatcherServlet:532 - Initializing Servlet 'dispatcherServlet'
[ INFO ] 2024-08-21 10:15:13,281 [ http-nio-8080-exec-1 ] |---| org.springframework.web.servlet.DispatcherServlet:554 - Completed initialization in 1 ms
[ ERROR] 2024-08-21 10:15:13,416 [ http-nio-8080-exec-1 ] |---| com.odontologia.project.dao.impl.DomicilioDAO:44 - ERROR AL AGREGAR DOMICILIO A LA BD: Violación de indice de Unicidad ó Clave primaria: "PUBLIC.CONSTRAINT_INDEX_6F ON PUBLIC.DOMICILIOS(CALLE NULLS FIRST) VALUES ( /* 5 */ 'Calle Mexico' )"
Unique index or primary key violation: "PUBLIC.CONSTRAINT_INDEX_6F ON PUBLIC.DOMICILIOS(CALLE NULLS FIRST) VALUES ( /* 5 */ 'Calle Mexico' )"; SQL statement:
INSERT INTO DOMICILIOS (CALLE, NUMERO, LOCALIDAD, PROVINCIA) VALUES(?, ?, ?, ?) [23505-224]
[ ERROR] 2024-08-21 10:15:13,419 [ http-nio-8080-exec-1 ] |---| com.odontologia.project.dao.impl.PacienteDAO:51 - ERROR AL AGREGAR PACIENTE A LA BD: Cannot invoke "java.lang.Long.longValue()" because the return value of "com.odontologia.project.models.Domicilio.getId()" is null
[ INFO ] 2024-08-21 10:16:28,344 [ http-nio-8080-exec-5 ] |---| com.odontologia.project.dao.impl.DomicilioDAO:35 - DOMICILIO 11 AGREGADO EXITOSAMENTE A LA BD.
[ ERROR] 2024-08-21 10:16:28,345 [ http-nio-8080-exec-5 ] |---| com.odontologia.project.dao.impl.PacienteDAO:51 - ERROR AL AGREGAR PACIENTE A LA BD: Cannot invoke "java.time.LocalDate.getYear()" because "date" is null
[ INFO ] 2024-08-21 10:17:49,111 [ http-nio-8080-exec-8 ] |---| com.odontologia.project.dao.impl.DomicilioDAO:35 - DOMICILIO 12 AGREGADO EXITOSAMENTE A LA BD.
[ INFO ] 2024-08-21 10:17:49,114 [ http-nio-8080-exec-8 ] |---| com.odontologia.project.dao.impl.PacienteDAO:42 - PACIENTE 5 AGREGADO EXITOSAMENTE A LA BD.
[ INFO ] 2024-08-21 10:18:44,931 [ http-nio-8080-exec-9 ] |---| com.odontologia.project.dao.impl.DomicilioDAO:35 - DOMICILIO 13 AGREGADO EXITOSAMENTE A LA BD.
[ INFO ] 2024-08-21 10:18:44,932 [ http-nio-8080-exec-9 ] |---| com.odontologia.project.dao.impl.PacienteDAO:42 - PACIENTE 6 AGREGADO EXITOSAMENTE A LA BD.
[ WARN ] 2024-08-21 10:21:19,163 [ http-nio-8080-exec-4 ] |---| org.springframework.web.servlet.mvc.support.DefaultHandlerExceptionResolver:247 - Resolved [org.springframework.web.HttpRequestMethodNotSupportedException: Request method 'GET' is not supported]
[ INFO ] 2024-08-21 10:21:51,788 [ main ] |---| com.odontologia.project.ProjectApplication:50 - Starting ProjectApplication using Java 22.0.2 with PID 16044 (D:\David\Digital House TechDev\B5\Backend 1\project\target\classes started by david in D:\David\Digital House TechDev\B5\Backend 1\project)
[ INFO ] 2024-08-21 10:21:51,791 [ main ] |---| com.odontologia.project.ProjectApplication:654 - No active profile set, falling back to 1 default profile: "default"
[ INFO ] 2024-08-21 10:21:52,351 [ main ] |---| org.springframework.boot.web.embedded.tomcat.TomcatWebServer:111 - Tomcat initialized with port 8080 (http)
[ INFO ] 2024-08-21 10:21:52,359 [ main ] |---| org.apache.catalina.core.StandardService:173 - Starting service [Tomcat]
[ INFO ] 2024-08-21 10:21:52,360 [ main ] |---| org.apache.catalina.core.StandardEngine:173 - Starting Servlet engine: [Apache Tomcat/10.1.26]
[ INFO ] 2024-08-21 10:21:52,393 [ main ] |---| org.apache.catalina.core.ContainerBase.[Tomcat].[localhost].[/]:173 - Initializing Spring embedded WebApplicationContext
[ INFO ] 2024-08-21 10:21:52,393 [ main ] |---| org.springframework.boot.web.servlet.context.ServletWebServerApplicationContext:296 - Root WebApplicationContext: initialization completed in 573 ms
[ INFO ] 2024-08-21 10:21:52,635 [ main ] |---| org.springframework.boot.web.embedded.tomcat.TomcatWebServer:243 - Tomcat started on port 8080 (http) with context path '/'
[ INFO ] 2024-08-21 10:21:52,640 [ main ] |---| com.odontologia.project.ProjectApplication:56 - Started ProjectApplication in 1.127 seconds (process running for 1.526)
[ INFO ] 2024-08-21 10:22:02,669 [ http-nio-8080-exec-1 ] |---| org.apache.catalina.core.ContainerBase.[Tomcat].[localhost].[/]:173 - Initializing Spring DispatcherServlet 'dispatcherServlet'
[ INFO ] 2024-08-21 10:22:02,669 [ http-nio-8080-exec-1 ] |---| org.springframework.web.servlet.DispatcherServlet:532 - Initializing Servlet 'dispatcherServlet'
[ INFO ] 2024-08-21 10:22:02,670 [ http-nio-8080-exec-1 ] |---| org.springframework.web.servlet.DispatcherServlet:554 - Completed initialization in 1 ms
[ ERROR] 2024-08-21 10:22:14,492 [ http-nio-8080-exec-6 ] |---| com.odontologia.project.dao.impl.PacienteDAO:152 - ERROR AL MODIFICAR PACIENTE: Cannot invoke "java.lang.Long.longValue()" because the return value of "com.odontologia.project.models.Domicilio.getId()" is null
[ ERROR] 2024-08-21 10:32:43,304 [ http-nio-8080-exec-3 ] |---| com.odontologia.project.dao.impl.PacienteDAO:152 - ERROR AL MODIFICAR PACIENTE: Cannot invoke "java.lang.Long.longValue()" because the return value of "com.odontologia.project.models.Domicilio.getId()" is null
[ INFO ] 2024-08-21 10:32:51,327 [ main ] |---| com.odontologia.project.ProjectApplication:50 - Starting ProjectApplication using Java 22.0.2 with PID 4400 (D:\David\Digital House TechDev\B5\Backend 1\project\target\classes started by david in D:\David\Digital House TechDev\B5\Backend 1\project)
[ INFO ] 2024-08-21 10:32:51,328 [ main ] |---| com.odontologia.project.ProjectApplication:654 - No active profile set, falling back to 1 default profile: "default"
[ INFO ] 2024-08-21 10:32:51,949 [ main ] |---| org.springframework.boot.web.embedded.tomcat.TomcatWebServer:111 - Tomcat initialized with port 8080 (http)
[ INFO ] 2024-08-21 10:32:51,959 [ main ] |---| org.apache.catalina.core.StandardService:173 - Starting service [Tomcat]
[ INFO ] 2024-08-21 10:32:51,959 [ main ] |---| org.apache.catalina.core.StandardEngine:173 - Starting Servlet engine: [Apache Tomcat/10.1.26]
[ INFO ] 2024-08-21 10:32:51,993 [ main ] |---| org.apache.catalina.core.ContainerBase.[Tomcat].[localhost].[/]:173 - Initializing Spring embedded WebApplicationContext
[ INFO ] 2024-08-21 10:32:51,993 [ main ] |---| org.springframework.boot.web.servlet.context.ServletWebServerApplicationContext:296 - Root WebApplicationContext: initialization completed in 634 ms
[ INFO ] 2024-08-21 10:32:52,254 [ main ] |---| org.springframework.boot.web.embedded.tomcat.TomcatWebServer:243 - Tomcat started on port 8080 (http) with context path '/'
[ INFO ] 2024-08-21 10:32:52,259 [ main ] |---| com.odontologia.project.ProjectApplication:56 - Started ProjectApplication in 1.202 seconds (process running for 1.646)
[ INFO ] 2024-08-21 10:32:55,373 [ http-nio-8080-exec-2 ] |---| org.apache.catalina.core.ContainerBase.[Tomcat].[localhost].[/]:173 - Initializing Spring DispatcherServlet 'dispatcherServlet'
[ INFO ] 2024-08-21 10:32:55,374 [ http-nio-8080-exec-2 ] |---| org.springframework.web.servlet.DispatcherServlet:532 - Initializing Servlet 'dispatcherServlet'
[ INFO ] 2024-08-21 10:32:55,374 [ http-nio-8080-exec-2 ] |---| org.springframework.web.servlet.DispatcherServlet:554 - Completed initialization in 0 ms
[ INFO ] 2024-08-21 10:32:55,521 [ http-nio-8080-exec-2 ] |---| com.odontologia.project.dao.impl.PacienteDAO:146 - PACIENTE 1313077794 MODIFICADO EXITOSAMENTE.
[ INFO ] 2024-08-21 10:33:40,514 [ http-nio-8080-exec-3 ] |---| com.odontologia.project.dao.impl.DomicilioDAO:174 - DOMICILIO 13 ELIMINADO EXITOSAMENTE.
[ INFO ] 2024-08-21 10:33:40,514 [ http-nio-8080-exec-3 ] |---| com.odontologia.project.dao.impl.PacienteDAO:186 - PACIENTE 1313077795 ELIMINADO EXITOSAMENTE.
[ INFO ] 2024-08-21 18:50:38,499 [ main ] |---| com.odontologia.project.ProjectApplication:50 - Starting ProjectApplication using Java 22.0.2 with PID 1256 (D:\David\Digital House TechDev\B5\Backend 1\project\target\classes started by david in D:\David\Digital House TechDev\B5\Backend 1\project)
[ INFO ] 2024-08-21 18:50:38,502 [ main ] |---| com.odontologia.project.ProjectApplication:654 - No active profile set, falling back to 1 default profile: "default"
[ INFO ] 2024-08-21 18:50:39,289 [ main ] |---| org.springframework.boot.web.embedded.tomcat.TomcatWebServer:111 - Tomcat initialized with port 8080 (http)
[ INFO ] 2024-08-21 18:50:39,299 [ main ] |---| org.apache.catalina.core.StandardService:173 - Starting service [Tomcat]
[ INFO ] 2024-08-21 18:50:39,300 [ main ] |---| org.apache.catalina.core.StandardEngine:173 - Starting Servlet engine: [Apache Tomcat/10.1.26]
[ INFO ] 2024-08-21 18:50:39,342 [ main ] |---| org.apache.catalina.core.ContainerBase.[Tomcat].[localhost].[/]:173 - Initializing Spring embedded WebApplicationContext
[ INFO ] 2024-08-21 18:50:39,343 [ main ] |---| org.springframework.boot.web.servlet.context.ServletWebServerApplicationContext:296 - Root WebApplicationContext: initialization completed in 793 ms
[ INFO ] 2024-08-21 18:50:39,642 [ main ] |---| org.springframework.boot.web.embedded.tomcat.TomcatWebServer:243 - Tomcat started on port 8080 (http) with context path '/'
[ INFO ] 2024-08-21 18:50:39,647 [ main ] |---| com.odontologia.project.ProjectApplication:56 - Started ProjectApplication in 1.543 seconds (process running for 2.088)
[ INFO ] 2024-08-21 20:50:20,673 [ main ] |---| com.odontologia.project.ProjectApplication:50 - Starting ProjectApplication using Java 22.0.2 with PID 7752 (D:\David\Digital House TechDev\B5\Backend 1\project\target\classes started by david in D:\David\Digital House TechDev\B5\Backend 1\project)
[ INFO ] 2024-08-21 20:50:20,675 [ main ] |---| com.odontologia.project.ProjectApplication:654 - No active profile set, falling back to 1 default profile: "default"
[ INFO ] 2024-08-21 20:50:21,257 [ main ] |---| org.springframework.boot.web.embedded.tomcat.TomcatWebServer:111 - Tomcat initialized with port 8080 (http)
[ INFO ] 2024-08-21 20:50:21,265 [ main ] |---| org.apache.catalina.core.StandardService:173 - Starting service [Tomcat]
[ INFO ] 2024-08-21 20:50:21,266 [ main ] |---| org.apache.catalina.core.StandardEngine:173 - Starting Servlet engine: [Apache Tomcat/10.1.26]
[ INFO ] 2024-08-21 20:50:21,302 [ main ] |---| org.apache.catalina.core.ContainerBase.[Tomcat].[localhost].[/]:173 - Initializing Spring embedded WebApplicationContext
[ INFO ] 2024-08-21 20:50:21,303 [ main ] |---| org.springframework.boot.web.servlet.context.ServletWebServerApplicationContext:296 - Root WebApplicationContext: initialization completed in 594 ms
[ INFO ] 2024-08-21 20:50:21,554 [ main ] |---| org.springframework.boot.web.embedded.tomcat.TomcatWebServer:243 - Tomcat started on port 8080 (http) with context path '/'
[ INFO ] 2024-08-21 20:50:21,559 [ main ] |---| com.odontologia.project.ProjectApplication:56 - Started ProjectApplication in 1.178 seconds (process running for 1.593)
[ INFO ] 2024-08-21 20:50:27,382 [ http-nio-8080-exec-2 ] |---| org.apache.catalina.core.ContainerBase.[Tomcat].[localhost].[/]:173 - Initializing Spring DispatcherServlet 'dispatcherServlet'
[ INFO ] 2024-08-21 20:50:27,383 [ http-nio-8080-exec-2 ] |---| org.springframework.web.servlet.DispatcherServlet:532 - Initializing Servlet 'dispatcherServlet'
[ INFO ] 2024-08-21 20:50:27,383 [ http-nio-8080-exec-2 ] |---| org.springframework.web.servlet.DispatcherServlet:554 - Completed initialization in 0 ms
[ INFO ] 2024-08-21 20:52:20,573 [ main ] |---| com.odontologia.project.ProjectApplication:50 - Starting ProjectApplication using Java 22.0.2 with PID 20172 (D:\David\Digital House TechDev\B5\Backend 1\project\target\classes started by david in D:\David\Digital House TechDev\B5\Backend 1\project)
[ INFO ] 2024-08-21 20:52:20,584 [ main ] |---| com.odontologia.project.ProjectApplication:654 - No active profile set, falling back to 1 default profile: "default"
[ INFO ] 2024-08-21 20:52:21,155 [ main ] |---| org.springframework.boot.web.embedded.tomcat.TomcatWebServer:111 - Tomcat initialized with port 8080 (http)
[ INFO ] 2024-08-21 20:52:21,164 [ main ] |---| org.apache.catalina.core.StandardService:173 - Starting service [Tomcat]
[ INFO ] 2024-08-21 20:52:21,164 [ main ] |---| org.apache.catalina.core.StandardEngine:173 - Starting Servlet engine: [Apache Tomcat/10.1.26]
[ INFO ] 2024-08-21 20:52:21,198 [ main ] |---| org.apache.catalina.core.ContainerBase.[Tomcat].[localhost].[/]:173 - Initializing Spring embedded WebApplicationContext
[ INFO ] 2024-08-21 20:52:21,198 [ main ] |---| org.springframework.boot.web.servlet.context.ServletWebServerApplicationContext:296 - Root WebApplicationContext: initialization completed in 584 ms
[ INFO ] 2024-08-21 20:52:21,444 [ main ] |---| org.springframework.boot.web.embedded.tomcat.TomcatWebServer:243 - Tomcat started on port 8080 (http) with context path '/'
[ INFO ] 2024-08-21 20:52:21,449 [ main ] |---| com.odontologia.project.ProjectApplication:56 - Started ProjectApplication in 1.16 seconds (process running for 1.599)
[ INFO ] 2024-08-21 20:52:30,739 [ http-nio-8080-exec-2 ] |---| org.apache.catalina.core.ContainerBase.[Tomcat].[localhost].[/]:173 - Initializing Spring DispatcherServlet 'dispatcherServlet'
[ INFO ] 2024-08-21 20:52:30,739 [ http-nio-8080-exec-2 ] |---| org.springframework.web.servlet.DispatcherServlet:532 - Initializing Servlet 'dispatcherServlet'
[ INFO ] 2024-08-21 20:52:30,740 [ http-nio-8080-exec-2 ] |---| org.springframework.web.servlet.DispatcherServlet:554 - Completed initialization in 1 ms
[ INFO ] 2024-08-21 20:53:52,242 [ main ] |---| com.odontologia.project.ProjectApplication:50 - Starting ProjectApplication using Java 22.0.2 with PID 12732 (D:\David\Digital House TechDev\B5\Backend 1\project\target\classes started by david in D:\David\Digital House TechDev\B5\Backend 1\project)
[ INFO ] 2024-08-21 20:53:52,244 [ main ] |---| com.odontologia.project.ProjectApplication:654 - No active profile set, falling back to 1 default profile: "default"
[ INFO ] 2024-08-21 20:53:52,816 [ main ] |---| org.springframework.boot.web.embedded.tomcat.TomcatWebServer:111 - Tomcat initialized with port 8080 (http)
[ INFO ] 2024-08-21 20:53:52,826 [ main ] |---| org.apache.catalina.core.StandardService:173 - Starting service [Tomcat]
[ INFO ] 2024-08-21 20:53:52,826 [ main ] |---| org.apache.catalina.core.StandardEngine:173 - Starting Servlet engine: [Apache Tomcat/10.1.26]
[ INFO ] 2024-08-21 20:53:52,859 [ main ] |---| org.apache.catalina.core.ContainerBase.[Tomcat].[localhost].[/]:173 - Initializing Spring embedded WebApplicationContext
[ INFO ] 2024-08-21 20:53:52,859 [ main ] |---| org.springframework.boot.web.servlet.context.ServletWebServerApplicationContext:296 - Root WebApplicationContext: initialization completed in 587 ms
[ INFO ] 2024-08-21 20:53:53,103 [ main ] |---| org.springframework.boot.web.embedded.tomcat.TomcatWebServer:243 - Tomcat started on port 8080 (http) with context path '/'
[ INFO ] 2024-08-21 20:53:53,108 [ main ] |---| com.odontologia.project.ProjectApplication:56 - Started ProjectApplication in 1.141 seconds (process running for 1.548)
[ INFO ] 2024-08-21 20:54:00,759 [ http-nio-8080-exec-4 ] |---| org.apache.catalina.core.ContainerBase.[Tomcat].[localhost].[/]:173 - Initializing Spring DispatcherServlet 'dispatcherServlet'
[ INFO ] 2024-08-21 20:54:00,760 [ http-nio-8080-exec-4 ] |---| org.springframework.web.servlet.DispatcherServlet:532 - Initializing Servlet 'dispatcherServlet'
[ INFO ] 2024-08-21 20:54:00,760 [ http-nio-8080-exec-4 ] |---| org.springframework.web.servlet.DispatcherServlet:554 - Completed initialization in 0 ms
[ ERROR] 2024-08-21 20:54:26,107 [ http-nio-8080-exec-6 ] |---| com.odontologia.project.dao.impl.TurnoLOCAL:35 - ERROR AL BUSCAR TURNO: EL TURNO INGRESADO NO EXISTE DENTRO DE LA BD.
[ ERROR] 2024-08-21 20:54:32,187 [ http-nio-8080-exec-5 ] |---| com.odontologia.project.dao.impl.TurnoLOCAL:35 - ERROR AL BUSCAR TURNO: EL TURNO INGRESADO NO EXISTE DENTRO DE LA BD.
[ ERROR] 2024-08-21 20:54:35,837 [ http-nio-8080-exec-7 ] |---| com.odontologia.project.dao.impl.TurnoLOCAL:35 - ERROR AL BUSCAR TURNO: EL TURNO INGRESADO NO EXISTE DENTRO DE LA BD.
[ ERROR] 2024-08-21 20:55:14,719 [ http-nio-8080-exec-8 ] |---| com.odontologia.project.dao.impl.TurnoLOCAL:35 - ERROR AL BUSCAR TURNO: EL TURNO INGRESADO NO EXISTE DENTRO DE LA BD.
[ ERROR] 2024-08-21 20:55:49,619 [ http-nio-8080-exec-10 ] |---| com.odontologia.project.dao.impl.TurnoLOCAL:35 - ERROR AL BUSCAR TURNO: EL TURNO INGRESADO NO EXISTE DENTRO DE LA BD.
[ INFO ] 2024-08-21 20:56:23,560 [ main ] |---| com.odontologia.project.ProjectApplication:50 - Starting ProjectApplication using Java 22.0.2 with PID 8864 (D:\David\Digital House TechDev\B5\Backend 1\project\target\classes started by david in D:\David\Digital House TechDev\B5\Backend 1\project)
[ INFO ] 2024-08-21 20:56:23,562 [ main ] |---| com.odontologia.project.ProjectApplication:654 - No active profile set, falling back to 1 default profile: "default"
[ INFO ] 2024-08-21 20:56:24,127 [ main ] |---| org.springframework.boot.web.embedded.tomcat.TomcatWebServer:111 - Tomcat initialized with port 8080 (http)
[ INFO ] 2024-08-21 20:56:24,141 [ main ] |---| org.apache.catalina.core.StandardService:173 - Starting service [Tomcat]
[ INFO ] 2024-08-21 20:56:24,141 [ main ] |---| org.apache.catalina.core.StandardEngine:173 - Starting Servlet engine: [Apache Tomcat/10.1.26]
[ INFO ] 2024-08-21 20:56:24,175 [ main ] |---| org.apache.catalina.core.ContainerBase.[Tomcat].[localhost].[/]:173 - Initializing Spring embedded WebApplicationContext
[ INFO ] 2024-08-21 20:56:24,175 [ main ] |---| org.springframework.boot.web.servlet.context.ServletWebServerApplicationContext:296 - Root WebApplicationContext: initialization completed in 584 ms
[ INFO ] 2024-08-21 20:56:24,430 [ main ] |---| org.springframework.boot.web.embedded.tomcat.TomcatWebServer:243 - Tomcat started on port 8080 (http) with context path '/'
[ INFO ] 2024-08-21 20:56:24,436 [ main ] |---| com.odontologia.project.ProjectApplication:56 - Started ProjectApplication in 1.177 seconds (process running for 1.576)
[ INFO ] 2024-08-21 20:56:27,847 [ http-nio-8080-exec-2 ] |---| org.apache.catalina.core.ContainerBase.[Tomcat].[localhost].[/]:173 - Initializing Spring DispatcherServlet 'dispatcherServlet'
[ INFO ] 2024-08-21 20:56:27,847 [ http-nio-8080-exec-2 ] |---| org.springframework.web.servlet.DispatcherServlet:532 - Initializing Servlet 'dispatcherServlet'
[ INFO ] 2024-08-21 20:56:27,848 [ http-nio-8080-exec-2 ] |---| org.springframework.web.servlet.DispatcherServlet:554 - Completed initialization in 1 ms
[ ERROR] 2024-08-21 20:56:30,840 [ http-nio-8080-exec-5 ] |---| com.odontologia.project.dao.impl.TurnoLOCAL:35 - ERROR AL BUSCAR TURNO: EL TURNO INGRESADO NO EXISTE DENTRO DE LA BD.
[ ERROR] 2024-08-21 20:56:56,216 [ http-nio-8080-exec-4 ] |---| com.odontologia.project.dao.impl.TurnoLOCAL:35 - ERROR AL BUSCAR TURNO: EL TURNO INGRESADO NO EXISTE DENTRO DE LA BD.
[ ERROR] 2024-08-21 20:57:00,705 [ http-nio-8080-exec-3 ] |---| com.odontologia.project.dao.impl.TurnoLOCAL:35 - ERROR AL BUSCAR TURNO: EL TURNO INGRESADO NO EXISTE DENTRO DE LA BD.
[ INFO ] 2024-08-21 20:57:38,010 [ main ] |---| com.odontologia.project.ProjectApplication:50 - Starting ProjectApplication using Java 22.0.2 with PID 22472 (D:\David\Digital House TechDev\B5\Backend 1\project\target\classes started by david in D:\David\Digital House TechDev\B5\Backend 1\project)
[ INFO ] 2024-08-21 20:57:38,012 [ main ] |---| com.odontologia.project.ProjectApplication:654 - No active profile set, falling back to 1 default profile: "default"
[ INFO ] 2024-08-21 20:57:38,585 [ main ] |---| org.springframework.boot.web.embedded.tomcat.TomcatWebServer:111 - Tomcat initialized with port 8080 (http)
[ INFO ] 2024-08-21 20:57:38,593 [ main ] |---| org.apache.catalina.core.StandardService:173 - Starting service [Tomcat]
[ INFO ] 2024-08-21 20:57:38,594 [ main ] |---| org.apache.catalina.core.StandardEngine:173 - Starting Servlet engine: [Apache Tomcat/10.1.26]
[ INFO ] 2024-08-21 20:57:38,628 [ main ] |---| org.apache.catalina.core.ContainerBase.[Tomcat].[localhost].[/]:173 - Initializing Spring embedded WebApplicationContext
[ INFO ] 2024-08-21 20:57:38,628 [ main ] |---| org.springframework.boot.web.servlet.context.ServletWebServerApplicationContext:296 - Root WebApplicationContext: initialization completed in 585 ms
[ INFO ] 2024-08-21 20:57:38,898 [ main ] |---| org.springframework.boot.web.embedded.tomcat.TomcatWebServer:243 - Tomcat started on port 8080 (http) with context path '/'
[ INFO ] 2024-08-21 20:57:38,903 [ main ] |---| com.odontologia.project.ProjectApplication:56 - Started ProjectApplication in 1.181 seconds (process running for 1.634)
[ INFO ] 2024-08-21 20:57:44,414 [ main ] |---| com.odontologia.project.ProjectApplication:50 - Starting ProjectApplication using Java 22.0.2 with PID 20612 (D:\David\Digital House TechDev\B5\Backend 1\project\target\classes started by david in D:\David\Digital House TechDev\B5\Backend 1\project)
[ INFO ] 2024-08-21 20:57:44,416 [ main ] |---| com.odontologia.project.ProjectApplication:654 - No active profile set, falling back to 1 default profile: "default"
[ INFO ] 2024-08-21 20:57:44,992 [ main ] |---| org.springframework.boot.web.embedded.tomcat.TomcatWebServer:111 - Tomcat initialized with port 8080 (http)
[ INFO ] 2024-08-21 20:57:45,000 [ main ] |---| org.apache.catalina.core.StandardService:173 - Starting service [Tomcat]
[ INFO ] 2024-08-21 20:57:45,000 [ main ] |---| org.apache.catalina.core.StandardEngine:173 - Starting Servlet engine: [Apache Tomcat/10.1.26]
[ INFO ] 2024-08-21 20:57:45,034 [ main ] |---| org.apache.catalina.core.ContainerBase.[Tomcat].[localhost].[/]:173 - Initializing Spring embedded WebApplicationContext
[ INFO ] 2024-08-21 20:57:45,034 [ main ] |---| org.springframework.boot.web.servlet.context.ServletWebServerApplicationContext:296 - Root WebApplicationContext: initialization completed in 586 ms
[ INFO ] 2024-08-21 20:57:45,280 [ main ] |---| org.springframework.boot.web.embedded.tomcat.TomcatWebServer:243 - Tomcat started on port 8080 (http) with context path '/'
[ INFO ] 2024-08-21 20:57:45,286 [ main ] |---| com.odontologia.project.ProjectApplication:56 - Started ProjectApplication in 1.175 seconds (process running for 1.593)
[ INFO ] 2024-08-21 20:57:53,254 [ http-nio-8080-exec-4 ] |---| org.apache.catalina.core.ContainerBase.[Tomcat].[localhost].[/]:173 - Initializing Spring DispatcherServlet 'dispatcherServlet'
[ INFO ] 2024-08-21 20:57:53,254 [ http-nio-8080-exec-4 ] |---| org.springframework.web.servlet.DispatcherServlet:532 - Initializing Servlet 'dispatcherServlet'
[ INFO ] 2024-08-21 20:57:53,255 [ http-nio-8080-exec-4 ] |---| org.springframework.web.servlet.DispatcherServlet:554 - Completed initialization in 1 ms
[ ERROR] 2024-08-21 20:58:10,958 [ http-nio-8080-exec-9 ] |---| com.odontologia.project.dao.impl.TurnoLOCAL:35 - ERROR AL BUSCAR TURNO: EL TURNO INGRESADO NO EXISTE DENTRO DE LA BD.
[ ERROR] 2024-08-21 20:58:27,412 [ http-nio-8080-exec-7 ] |---| com.odontologia.project.dao.impl.TurnoLOCAL:35 - ERROR AL BUSCAR TURNO: EL TURNO INGRESADO NO EXISTE DENTRO DE LA BD.
[ INFO ] 2024-08-21 21:00:42,842 [ main ] |---| com.odontologia.project.ProjectApplication:50 - Starting ProjectApplication using Java 22.0.2 with PID 19772 (D:\David\Digital House TechDev\B5\Backend 1\project\target\classes started by david in D:\David\Digital House TechDev\B5\Backend 1\project)
[ INFO ] 2024-08-21 21:00:42,844 [ main ] |---| com.odontologia.project.ProjectApplication:654 - No active profile set, falling back to 1 default profile: "default"
[ INFO ] 2024-08-21 21:00:43,409 [ main ] |---| org.springframework.boot.web.embedded.tomcat.TomcatWebServer:111 - Tomcat initialized with port 8080 (http)
[ INFO ] 2024-08-21 21:00:43,417 [ main ] |---| org.apache.catalina.core.StandardService:173 - Starting service [Tomcat]
[ INFO ] 2024-08-21 21:00:43,418 [ main ] |---| org.apache.catalina.core.StandardEngine:173 - Starting Servlet engine: [Apache Tomcat/10.1.26]
[ INFO ] 2024-08-21 21:00:43,452 [ main ] |---| org.apache.catalina.core.ContainerBase.[Tomcat].[localhost].[/]:173 - Initializing Spring embedded WebApplicationContext
[ INFO ] 2024-08-21 21:00:43,452 [ main ] |---| org.springframework.boot.web.servlet.context.ServletWebServerApplicationContext:296 - Root WebApplicationContext: initialization completed in 578 ms
[ INFO ] 2024-08-21 21:00:43,708 [ main ] |---| org.springframework.boot.web.embedded.tomcat.TomcatWebServer:243 - Tomcat started on port 8080 (http) with context path '/'
[ INFO ] 2024-08-21 21:00:43,713 [ main ] |---| com.odontologia.project.ProjectApplication:56 - Started ProjectApplication in 1.148 seconds (process running for 1.555)
[ INFO ] 2024-08-21 21:00:48,745 [ http-nio-8080-exec-1 ] |---| org.apache.catalina.core.ContainerBase.[Tomcat].[localhost].[/]:173 - Initializing Spring DispatcherServlet 'dispatcherServlet'
[ INFO ] 2024-08-21 21:00:48,745 [ http-nio-8080-exec-1 ] |---| org.springframework.web.servlet.DispatcherServlet:532 - Initializing Servlet 'dispatcherServlet'
[ INFO ] 2024-08-21 21:00:48,746 [ http-nio-8080-exec-1 ] |---| org.springframework.web.servlet.DispatcherServlet:554 - Completed initialization in 0 ms
[ INFO ] 2024-08-21 21:00:48,891 [ http-nio-8080-exec-1 ] |---| com.odontologia.project.dao.impl.TurnoLOCAL:22 - TURNO 1 AGREGADO EXITOSAMENTE A LA BD.
[ INFO ] 2024-08-21 21:01:00,313 [ http-nio-8080-exec-5 ] |---| com.odontologia.project.dao.impl.TurnoLOCAL:70 - TURNO 1 ELIMINADO EXITOSAMENTE.
[ INFO ] 2024-08-21 21:01:09,181 [ http-nio-8080-exec-6 ] |---| com.odontologia.project.dao.impl.TurnoLOCAL:22 - TURNO 1 AGREGADO EXITOSAMENTE A LA BD.
[ INFO ] 2024-08-21 21:01:10,654 [ http-nio-8080-exec-7 ] |---| com.odontologia.project.dao.impl.TurnoLOCAL:22 - TURNO 2 AGREGADO EXITOSAMENTE A LA BD.
[ INFO ] 2024-08-21 21:01:11,681 [ http-nio-8080-exec-8 ] |---| com.odontologia.project.dao.impl.TurnoLOCAL:22 - TURNO 3 AGREGADO EXITOSAMENTE A LA BD.
[ INFO ] 2024-08-21 21:01:12,574 [ http-nio-8080-exec-9 ] |---| com.odontologia.project.dao.impl.TurnoLOCAL:22 - TURNO 4 AGREGADO EXITOSAMENTE A LA BD.
[ INFO ] 2024-08-21 21:01:31,890 [ http-nio-8080-exec-3 ] |---| com.odontologia.project.dao.impl.TurnoLOCAL:70 - TURNO 3 ELIMINADO EXITOSAMENTE.
[ INFO ] 2024-08-21 21:01:53,754 [ main ] |---| com.odontologia.project.ProjectApplication:50 - Starting ProjectApplication using Java 22.0.2 with PID 15580 (D:\David\Digital House TechDev\B5\Backend 1\project\target\classes started by david in D:\David\Digital House TechDev\B5\Backend 1\project)
[ INFO ] 2024-08-21 21:01:53,756 [ main ] |---| com.odontologia.project.ProjectApplication:654 - No active profile set, falling back to 1 default profile: "default"
[ INFO ] 2024-08-21 21:01:54,341 [ main ] |---| org.springframework.boot.web.embedded.tomcat.TomcatWebServer:111 - Tomcat initialized with port 8080 (http)
[ INFO ] 2024-08-21 21:01:54,349 [ main ] |---| org.apache.catalina.core.StandardService:173 - Starting service [Tomcat]
[ INFO ] 2024-08-21 21:01:54,350 [ main ] |---| org.apache.catalina.core.StandardEngine:173 - Starting Servlet engine: [Apache Tomcat/10.1.26]
[ INFO ] 2024-08-21 21:01:54,385 [ main ] |---| org.apache.catalina.core.ContainerBase.[Tomcat].[localhost].[/]:173 - Initializing Spring embedded WebApplicationContext
[ INFO ] 2024-08-21 21:01:54,385 [ main ] |---| org.springframework.boot.web.servlet.context.ServletWebServerApplicationContext:296 - Root WebApplicationContext: initialization completed in 597 ms
[ INFO ] 2024-08-21 21:01:54,631 [ main ] |---| org.springframework.boot.web.embedded.tomcat.TomcatWebServer:243 - Tomcat started on port 8080 (http) with context path '/'
[ INFO ] 2024-08-21 21:01:54,636 [ main ] |---| com.odontologia.project.ProjectApplication:56 - Started ProjectApplication in 1.174 seconds (process running for 1.585)
[ INFO ] 2024-08-21 21:01:57,259 [ http-nio-8080-exec-2 ] |---| org.apache.catalina.core.ContainerBase.[Tomcat].[localhost].[/]:173 - Initializing Spring DispatcherServlet 'dispatcherServlet'
[ INFO ] 2024-08-21 21:01:57,259 [ http-nio-8080-exec-2 ] |---| org.springframework.web.servlet.DispatcherServlet:532 - Initializing Servlet 'dispatcherServlet'
[ INFO ] 2024-08-21 21:01:57,260 [ http-nio-8080-exec-2 ] |---| org.springframework.web.servlet.DispatcherServlet:554 - Completed initialization in 1 ms
[ INFO ] 2024-08-21 21:01:59,413 [ http-nio-8080-exec-3 ] |---| com.odontologia.project.dao.impl.TurnoLOCAL:22 - TURNO 1 AGREGADO EXITOSAMENTE A LA BD.
[ INFO ] 2024-08-21 21:02:04,273 [ http-nio-8080-exec-4 ] |---| com.odontologia.project.dao.impl.TurnoLOCAL:70 - TURNO 1 ELIMINADO EXITOSAMENTE.
[ INFO ] 2024-08-21 21:06:26,599 [ main ] |---| com.odontologia.project.ProjectApplication:50 - Starting ProjectApplication using Java 22.0.2 with PID 7792 (D:\David\Digital House TechDev\B5\Backend 1\project\target\classes started by david in D:\David\Digital House TechDev\B5\Backend 1\project)
[ INFO ] 2024-08-21 21:06:26,601 [ main ] |---| com.odontologia.project.ProjectApplication:654 - No active profile set, falling back to 1 default profile: "default"
[ INFO ] 2024-08-21 21:06:27,165 [ main ] |---| org.springframework.boot.web.embedded.tomcat.TomcatWebServer:111 - Tomcat initialized with port 8080 (http)
[ INFO ] 2024-08-21 21:06:27,173 [ main ] |---| org.apache.catalina.core.StandardService:173 - Starting service [Tomcat]
[ INFO ] 2024-08-21 21:06:27,173 [ main ] |---| org.apache.catalina.core.StandardEngine:173 - Starting Servlet engine: [Apache Tomcat/10.1.26]
[ INFO ] 2024-08-21 21:06:27,208 [ main ] |---| org.apache.catalina.core.ContainerBase.[Tomcat].[localhost].[/]:173 - Initializing Spring embedded WebApplicationContext
[ INFO ] 2024-08-21 21:06:27,209 [ main ] |---| org.springframework.boot.web.servlet.context.ServletWebServerApplicationContext:296 - Root WebApplicationContext: initialization completed in 579 ms
[ INFO ] 2024-08-21 21:06:27,453 [ main ] |---| org.springframework.boot.web.embedded.tomcat.TomcatWebServer:243 - Tomcat started on port 8080 (http) with context path '/'
[ INFO ] 2024-08-21 21:06:27,459 [ main ] |---| com.odontologia.project.ProjectApplication:56 - Started ProjectApplication in 1.136 seconds (process running for 1.54)
[ INFO ] 2024-08-21 21:06:36,313 [ http-nio-8080-exec-1 ] |---| org.apache.catalina.core.ContainerBase.[Tomcat].[localhost].[/]:173 - Initializing Spring DispatcherServlet 'dispatcherServlet'
[ INFO ] 2024-08-21 21:06:36,313 [ http-nio-8080-exec-1 ] |---| org.springframework.web.servlet.DispatcherServlet:532 - Initializing Servlet 'dispatcherServlet'
[ INFO ] 2024-08-21 21:06:36,314 [ http-nio-8080-exec-1 ] |---| org.springframework.web.servlet.DispatcherServlet:554 - Completed initialization in 1 ms
[ INFO ] 2024-08-21 21:06:36,456 [ http-nio-8080-exec-1 ] |---| com.odontologia.project.dao.impl.TurnoLOCAL:22 - TURNO 1 AGREGADO EXITOSAMENTE A LA BD.
[ INFO ] 2024-08-21 21:06:47,839 [ http-nio-8080-exec-3 ] |---| com.odontologia.project.dao.impl.TurnoLOCAL:22 - TURNO 2 AGREGADO EXITOSAMENTE A LA BD.
[ INFO ] 2024-08-21 21:06:56,742 [ http-nio-8080-exec-5 ] |---| com.odontologia.project.dao.impl.TurnoLOCAL:22 - TURNO 3 AGREGADO EXITOSAMENTE A LA BD.
